2018-11-12 01:17:00 info: Hello world
2018-11-12 01:17:00 warn: Warning message
2018-11-12 01:17:00 debug: Debugging info
2018-11-12 01:17:13 info: fuck me hard..!!
2018-11-12 01:17:13 info: [object Object]
2018-11-12 01:18:19 info: Hello world
2018-11-12 01:18:19 warn: Warning message
2018-11-12 01:18:19 debug: Debugging info
2018-11-12 01:18:23 info: fuck me hard..!!
2018-11-12 01:18:23 info: {"firstname":"jay babu","surname":"chouhan","mobile":"8082242523","email":"jay@gmail.coM","dob":"10-05-1996","gender":"MALE","password":"HELLO"}
2018-11-12 01:19:54 info: Hello world
2018-11-12 01:19:54 warn: Warning message
2018-11-12 01:19:54 debug: Debugging info
2018-11-12 01:20:57 info: Hello world
2018-11-12 01:20:57 warn: Warning message
2018-11-12 01:20:57 debug: Debugging info
2018-11-12 01:21:08 info: fuck me hard..!!
2018-11-12 01:21:08 info: {"firstname":"jay babu","surname":"chouhan","mobile":"8082242523","email":"jay@gmail.coM","dob":"10-05-1996","gender":"MALE","password":"HELLO"}
2018-11-12 01:21:57 info: Hello world
2018-11-12 01:21:57 warn: Warning message
2018-11-12 01:21:57 debug: Debugging info
2018-11-12 01:22:11 info: fuck me hard..!!
2018-11-12 01:22:11 info: {"firstname":"jay babu","surname":"chouhan","mobile":"8082242523","email":"jay@gmail.coM","dob":"10-05-1996","gender":"MALE","password":"HELLO"}
2018-11-12 01:22:36 info: Hello world
2018-11-12 01:22:36 warn: Warning message
2018-11-12 01:22:36 debug: Debugging info
2018-11-12 01:22:43 info: fuck me hard..!!
2018-11-12 01:22:43 info: {"firstname":"jay babu","surname":"chouhan","mobile":"8082242523","email":"jay@gmail.coM","dob":"10-05-1996","gender":"MALE","password":"HELLO"}
2018-11-12 01:24:25 info: Hello world
2018-11-12 01:24:25 warn: Warning message
2018-11-12 01:24:25 debug: Debugging info
2018-11-12 01:24:33 info: fuck me hard..!!
2018-11-12 01:24:33 info: {"firstname":"jay babu","surname":"chouhan","mobile":"8082242523","email":"jay@gmail.coM","dob":"10-05-1996","gender":"MALE","password":"HELLO"}
2018-11-17 00:54:31 info: Hello world
2018-11-17 00:54:31 warn: Warning message
2018-11-17 00:54:31 debug: Debugging info
2018-11-17 00:55:29 info: Hello world
2018-11-17 00:55:29 warn: Warning message
2018-11-17 00:55:29 debug: Debugging info
2018-11-17 00:55:45 info: Hello world
2018-11-17 00:55:45 warn: Warning message
2018-11-17 00:55:45 debug: Debugging info
2018-11-17 00:57:36 info: Hello world
2018-11-17 00:57:36 warn: Warning message
2018-11-17 00:57:36 debug: Debugging info
2018-11-17 00:58:11 info: Hello world
2018-11-17 00:58:11 warn: Warning message
2018-11-17 00:58:11 debug: Debugging info
